This is pdfTeX, Version 3.141592653-2.6-1.40.22 (TeX Live 2022/dev/Debian) (preloaded format=pdflatex 2023.11.15)  2 JUN 2024 17:02
entering extended mode
 restricted \write18 enabled.
 %&-line parsing enabled.
**cp_cheat_sheet.tex
(./cp_cheat_sheet.tex
LaTeX2e <2021-11-15> patch level 1
L3 programming layer <2022-01-21>
(/usr/share/texlive/texmf-dist/tex/latex/base/article.cls
Document Class: article 2021/10/04 v1.4n Standard LaTeX document class
(/usr/share/texlive/texmf-dist/tex/latex/base/size10.clo
File: size10.clo 2021/10/04 v1.4n Standard LaTeX file (size option)
)
\c@part=\count185
\c@section=\count186
\c@subsection=\count187
\c@subsubsection=\count188
\c@paragraph=\count189
\c@subparagraph=\count190
\c@figure=\count191
\c@table=\count192
\abovecaptionskip=\skip47
\belowcaptionskip=\skip48
\bibindent=\dimen138
)
(/usr/share/texlive/texmf-dist/tex/latex/geometry/geometry.sty
Package: geometry 2020/01/02 v5.9 Page Geometry

(/usr/share/texlive/texmf-dist/tex/latex/graphics/keyval.sty
Package: keyval 2014/10/28 v1.15 key=value parser (DPC)
\KV@toks@=\toks16
)
(/usr/share/texlive/texmf-dist/tex/generic/iftex/ifvtex.sty
Package: ifvtex 2019/10/25 v1.7 ifvtex legacy package. Use iftex instead.

(/usr/share/texlive/texmf-dist/tex/generic/iftex/iftex.sty
Package: iftex 2020/03/06 v1.0d TeX engine tests
))
\Gm@cnth=\count193
\Gm@cntv=\count194
\c@Gm@tempcnt=\count195
\Gm@bindingoffset=\dimen139
\Gm@wd@mp=\dimen140
\Gm@odd@mp=\dimen141
\Gm@even@mp=\dimen142
\Gm@layoutwidth=\dimen143
\Gm@layoutheight=\dimen144
\Gm@layouthoffset=\dimen145
\Gm@layoutvoffset=\dimen146
\Gm@dimlist=\toks17
)
(/usr/share/texlive/texmf-dist/tex/latex/url/url.sty
\Urlmuskip=\muskip16
Package: url 2013/09/16  ver 3.4  Verb mode for urls, etc.
)
(/usr/share/texlive/texmf-dist/tex/latex/tools/multicol.sty
Package: multicol 2021/10/28 v1.9b multicolumn formatting (FMi)
\c@tracingmulticols=\count196
\mult@box=\box50
\multicol@leftmargin=\dimen147
\c@unbalance=\count197
\c@collectmore=\count198
\doublecol@number=\count199
\multicoltolerance=\count266
\multicolpretolerance=\count267
\full@width=\dimen148
\page@free=\dimen149
\premulticols=\dimen150
\postmulticols=\dimen151
\multicolsep=\skip49
\multicolbaselineskip=\skip50
\partial@page=\box51
\last@line=\box52
\maxbalancingoverflow=\dimen152
\mult@rightbox=\box53
\mult@grightbox=\box54
\mult@firstbox=\box55
\mult@gfirstbox=\box56
\@tempa=\box57
\@tempa=\box58
\@tempa=\box59
\@tempa=\box60
\@tempa=\box61
\@tempa=\box62
\@tempa=\box63
\@tempa=\box64
\@tempa=\box65
\@tempa=\box66
\@tempa=\box67
\@tempa=\box68
\@tempa=\box69
\@tempa=\box70
\@tempa=\box71
\@tempa=\box72
\@tempa=\box73
\@tempa=\box74
\@tempa=\box75
\@tempa=\box76
\@tempa=\box77
\@tempa=\box78
\@tempa=\box79
\@tempa=\box80
\@tempa=\box81
\@tempa=\box82
\@tempa=\box83
\@tempa=\box84
\@tempa=\box85
\@tempa=\box86
\@tempa=\box87
\@tempa=\box88
\@tempa=\box89
\@tempa=\box90
\@tempa=\box91
\@tempa=\box92
\c@minrows=\count268
\c@columnbadness=\count269
\c@finalcolumnbadness=\count270
\last@try=\dimen153
\multicolovershoot=\dimen154
\multicolundershoot=\dimen155
\mult@nat@firstbox=\box93
\colbreak@box=\box94
\mc@col@check@num=\count271
)
(/usr/share/texlive/texmf-dist/tex/latex/amsmath/amsmath.sty
Package: amsmath 2021/10/15 v2.17l AMS math features
\@mathmargin=\skip51

For additional information on amsmath, use the `?' option.
(/usr/share/texlive/texmf-dist/tex/latex/amsmath/amstext.sty
Package: amstext 2021/08/26 v2.01 AMS text

(/usr/share/texlive/texmf-dist/tex/latex/amsmath/amsgen.sty
File: amsgen.sty 1999/11/30 v2.0 generic functions
\@emptytoks=\toks18
\ex@=\dimen156
))
(/usr/share/texlive/texmf-dist/tex/latex/amsmath/amsbsy.sty
Package: amsbsy 1999/11/29 v1.2d Bold Symbols
\pmbraise@=\dimen157
)
(/usr/share/texlive/texmf-dist/tex/latex/amsmath/amsopn.sty
Package: amsopn 2021/08/26 v2.02 operator names
)
\inf@bad=\count272
LaTeX Info: Redefining \frac on input line 234.
\uproot@=\count273
\leftroot@=\count274
LaTeX Info: Redefining \overline on input line 399.
\classnum@=\count275
\DOTSCASE@=\count276
LaTeX Info: Redefining \ldots on input line 496.
LaTeX Info: Redefining \dots on input line 499.
LaTeX Info: Redefining \cdots on input line 620.
\Mathstrutbox@=\box95
\strutbox@=\box96
\big@size=\dimen158
LaTeX Font Info:    Redeclaring font encoding OML on input line 743.
LaTeX Font Info:    Redeclaring font encoding OMS on input line 744.
\macc@depth=\count277
\c@MaxMatrixCols=\count278
\dotsspace@=\muskip17
\c@parentequation=\count279
\dspbrk@lvl=\count280
\tag@help=\toks19
\row@=\count281
\column@=\count282
\maxfields@=\count283
\andhelp@=\toks20
\eqnshift@=\dimen159
\alignsep@=\dimen160
\tagshift@=\dimen161
\tagwidth@=\dimen162
\totwidth@=\dimen163
\lineht@=\dimen164
\@envbody=\toks21
\multlinegap=\skip52
\multlinetaggap=\skip53
\mathdisplay@stack=\toks22
LaTeX Info: Redefining \[ on input line 2938.
LaTeX Info: Redefining \] on input line 2939.
)
(/usr/share/texlive/texmf-dist/tex/latex/amsfonts/amsfonts.sty
Package: amsfonts 2013/01/14 v3.01 Basic AMSFonts support
\symAMSa=\mathgroup4
\symAMSb=\mathgroup5
LaTeX Font Info:    Redeclaring math symbol \hbar on input line 98.
LaTeX Font Info:    Overwriting math alphabet `\mathfrak' in version `bold'
(Font)                  U/euf/m/n --> U/euf/b/n on input line 106.
)
(/usr/share/texmf/tex/latex/tikz/base/tex/latex/frontendlayer/tikz.sty
(/usr/share/texmf/tex/latex/tikz/base/tex/latex/basiclayer/pgf.sty
(/usr/share/texmf/tex/latex/tikz/base/tex/latex/utilities/pgfrcs.sty
(/usr/share/texmf/tex/latex/tikz/base/tex/generic/utilities/pgfutil-common.tex
\pgfutil@everybye=\toks23
\pgfutil@tempdima=\dimen165
\pgfutil@tempdimb=\dimen166
) (/usr/share/texmf/tex/latex/tikz/base/tex/generic/utilities/pgfutil-latex.def
\pgfutil@abb=\box97
) (/usr/share/texmf/tex/latex/tikz/base/tex/generic/utilities/pgfrcs.code.tex
(/usr/share/texmf/tex/latex/tikz/base/tex/generic/pgf.revision.tex)
Package: pgfrcs 2023-01-15 v3.1.10 (3.1.10)
))
Package: pgf 2023-01-15 v3.1.10 (3.1.10)

(/usr/share/texmf/tex/latex/tikz/base/tex/latex/basiclayer/pgfcore.sty
(/usr/share/texlive/texmf-dist/tex/latex/graphics/graphicx.sty
Package: graphicx 2021/09/16 v1.2d Enhanced LaTeX Graphics (DPC,SPQR)

(/usr/share/texlive/texmf-dist/tex/latex/graphics/graphics.sty
Package: graphics 2021/03/04 v1.4d Standard LaTeX Graphics (DPC,SPQR)

(/usr/share/texlive/texmf-dist/tex/latex/graphics/trig.sty
Package: trig 2021/08/11 v1.11 sin cos tan (DPC)
)
(/usr/share/texlive/texmf-dist/tex/latex/graphics-cfg/graphics.cfg
File: graphics.cfg 2016/06/04 v1.11 sample graphics configuration
)
Package graphics Info: Driver file: pdftex.def on input line 107.

(/usr/share/texlive/texmf-dist/tex/latex/graphics-def/pdftex.def
File: pdftex.def 2020/10/05 v1.2a Graphics/color driver for pdftex
))
\Gin@req@height=\dimen167
\Gin@req@width=\dimen168
)
(/usr/share/texmf/tex/latex/tikz/base/tex/latex/systemlayer/pgfsys.sty
(/usr/share/texmf/tex/latex/tikz/base/tex/generic/systemlayer/pgfsys.code.tex
Package: pgfsys 2023-01-15 v3.1.10 (3.1.10)

(/usr/share/texmf/tex/latex/tikz/base/tex/generic/utilities/pgfkeys.code.tex
\pgfkeys@pathtoks=\toks24
\pgfkeys@temptoks=\toks25

(/usr/share/texmf/tex/latex/tikz/base/tex/generic/utilities/pgfkeyslibraryfilte
red.code.tex
\pgfkeys@tmptoks=\toks26
))
\pgf@x=\dimen169
\pgf@y=\dimen170
\pgf@xa=\dimen171
\pgf@ya=\dimen172
\pgf@xb=\dimen173
\pgf@yb=\dimen174
\pgf@xc=\dimen175
\pgf@yc=\dimen176
\pgf@xd=\dimen177
\pgf@yd=\dimen178
\w@pgf@writea=\write3
\r@pgf@reada=\read2
\c@pgf@counta=\count284
\c@pgf@countb=\count285
\c@pgf@countc=\count286
\c@pgf@countd=\count287
\t@pgf@toka=\toks27
\t@pgf@tokb=\toks28
\t@pgf@tokc=\toks29
\pgf@sys@id@count=\count288

(/usr/share/texmf/tex/latex/tikz/base/tex/generic/systemlayer/pgf.cfg
File: pgf.cfg 2023-01-15 v3.1.10 (3.1.10)
)
Driver file for pgf: pgfsys-pdftex.def

(/usr/share/texmf/tex/latex/tikz/base/tex/generic/systemlayer/pgfsys-pdftex.def
File: pgfsys-pdftex.def 2023-01-15 v3.1.10 (3.1.10)

(/usr/share/texmf/tex/latex/tikz/base/tex/generic/systemlayer/pgfsys-common-pdf
.def
File: pgfsys-common-pdf.def 2023-01-15 v3.1.10 (3.1.10)
)))
(/usr/share/texmf/tex/latex/tikz/base/tex/generic/systemlayer/pgfsyssoftpath.co
de.tex
File: pgfsyssoftpath.code.tex 2023-01-15 v3.1.10 (3.1.10)
\pgfsyssoftpath@smallbuffer@items=\count289
\pgfsyssoftpath@bigbuffer@items=\count290
)
(/usr/share/texmf/tex/latex/tikz/base/tex/generic/systemlayer/pgfsysprotocol.co
de.tex
File: pgfsysprotocol.code.tex 2023-01-15 v3.1.10 (3.1.10)
)) (/usr/share/texlive/texmf-dist/tex/latex/xcolor/xcolor.sty
Package: xcolor 2021/10/31 v2.13 LaTeX color extensions (UK)

(/usr/share/texmf/tex/latex/tikz/base/doc/color.cfg)
Package xcolor Info: Driver file: pdftex.def on input line 227.
Package xcolor Info: Model `cmy' substituted by `cmy0' on input line 1352.
Package xcolor Info: Model `hsb' substituted by `rgb' on input line 1356.
Package xcolor Info: Model `RGB' extended on input line 1368.
Package xcolor Info: Model `HTML' substituted by `rgb' on input line 1370.
Package xcolor Info: Model `Hsb' substituted by `hsb' on input line 1371.
Package xcolor Info: Model `tHsb' substituted by `hsb' on input line 1372.
Package xcolor Info: Model `HSB' substituted by `hsb' on input line 1373.
Package xcolor Info: Model `Gray' substituted by `gray' on input line 1374.
Package xcolor Info: Model `wave' substituted by `hsb' on input line 1375.
)
(/usr/share/texmf/tex/latex/tikz/base/tex/generic/basiclayer/pgfcore.code.tex
Package: pgfcore 2023-01-15 v3.1.10 (3.1.10)

(/usr/share/texmf/tex/latex/tikz/base/tex/generic/math/pgfmath.code.tex
(/usr/share/texmf/tex/latex/tikz/base/tex/generic/math/pgfmathutil.code.tex)
(/usr/share/texmf/tex/latex/tikz/base/tex/generic/math/pgfmathparser.code.tex
\pgfmath@dimen=\dimen179
\pgfmath@count=\count291
\pgfmath@box=\box98
\pgfmath@toks=\toks30
\pgfmath@stack@operand=\toks31
\pgfmath@stack@operation=\toks32
)
(/usr/share/texmf/tex/latex/tikz/base/tex/generic/math/pgfmathfunctions.code.te
x)
(/usr/share/texmf/tex/latex/tikz/base/tex/generic/math/pgfmathfunctions.basic.c
ode.tex)
(/usr/share/texmf/tex/latex/tikz/base/tex/generic/math/pgfmathfunctions.trigono
metric.code.tex)
(/usr/share/texmf/tex/latex/tikz/base/tex/generic/math/pgfmathfunctions.random.
code.tex)
(/usr/share/texmf/tex/latex/tikz/base/tex/generic/math/pgfmathfunctions.compari
son.code.tex)
(/usr/share/texmf/tex/latex/tikz/base/tex/generic/math/pgfmathfunctions.base.co
de.tex)
(/usr/share/texmf/tex/latex/tikz/base/tex/generic/math/pgfmathfunctions.round.c
ode.tex)
(/usr/share/texmf/tex/latex/tikz/base/tex/generic/math/pgfmathfunctions.misc.co
de.tex)
(/usr/share/texmf/tex/latex/tikz/base/tex/generic/math/pgfmathfunctions.integer
arithmetics.code.tex)
(/usr/share/texmf/tex/latex/tikz/base/tex/generic/math/pgfmathcalc.code.tex)
(/usr/share/texmf/tex/latex/tikz/base/tex/generic/math/pgfmathfloat.code.tex
\c@pgfmathroundto@lastzeros=\count292
))
(/usr/share/texmf/tex/latex/tikz/base/tex/generic/math/pgfint.code.tex)
(/usr/share/texmf/tex/latex/tikz/base/tex/generic/basiclayer/pgfcorepoints.code
.tex
File: pgfcorepoints.code.tex 2023-01-15 v3.1.10 (3.1.10)
\pgf@picminx=\dimen180
\pgf@picmaxx=\dimen181
\pgf@picminy=\dimen182
\pgf@picmaxy=\dimen183
\pgf@pathminx=\dimen184
\pgf@pathmaxx=\dimen185
\pgf@pathminy=\dimen186
\pgf@pathmaxy=\dimen187
\pgf@xx=\dimen188
\pgf@xy=\dimen189
\pgf@yx=\dimen190
\pgf@yy=\dimen191
\pgf@zx=\dimen192
\pgf@zy=\dimen193
)
(/usr/share/texmf/tex/latex/tikz/base/tex/generic/basiclayer/pgfcorepathconstru
ct.code.tex
File: pgfcorepathconstruct.code.tex 2023-01-15 v3.1.10 (3.1.10)
\pgf@path@lastx=\dimen194
\pgf@path@lasty=\dimen195
)
(/usr/share/texmf/tex/latex/tikz/base/tex/generic/basiclayer/pgfcorepathusage.c
ode.tex
File: pgfcorepathusage.code.tex 2023-01-15 v3.1.10 (3.1.10)
\pgf@shorten@end@additional=\dimen196
\pgf@shorten@start@additional=\dimen197
)
(/usr/share/texmf/tex/latex/tikz/base/tex/generic/basiclayer/pgfcorescopes.code
.tex
File: pgfcorescopes.code.tex 2023-01-15 v3.1.10 (3.1.10)
\pgfpic=\box99
\pgf@hbox=\box100
\pgf@layerbox@main=\box101
\pgf@picture@serial@count=\count293
)
(/usr/share/texmf/tex/latex/tikz/base/tex/generic/basiclayer/pgfcoregraphicstat
e.code.tex
File: pgfcoregraphicstate.code.tex 2023-01-15 v3.1.10 (3.1.10)
\pgflinewidth=\dimen198
)
(/usr/share/texmf/tex/latex/tikz/base/tex/generic/basiclayer/pgfcoretransformat
ions.code.tex
File: pgfcoretransformations.code.tex 2023-01-15 v3.1.10 (3.1.10)
\pgf@pt@x=\dimen199
\pgf@pt@y=\dimen256
\pgf@pt@temp=\dimen257
)
(/usr/share/texmf/tex/latex/tikz/base/tex/generic/basiclayer/pgfcorequick.code.
tex
File: pgfcorequick.code.tex 2023-01-15 v3.1.10 (3.1.10)
)
(/usr/share/texmf/tex/latex/tikz/base/tex/generic/basiclayer/pgfcoreobjects.cod
e.tex
File: pgfcoreobjects.code.tex 2023-01-15 v3.1.10 (3.1.10)
)
(/usr/share/texmf/tex/latex/tikz/base/tex/generic/basiclayer/pgfcorepathprocess
ing.code.tex
File: pgfcorepathprocessing.code.tex 2023-01-15 v3.1.10 (3.1.10)
)
(/usr/share/texmf/tex/latex/tikz/base/tex/generic/basiclayer/pgfcorearrows.code
.tex
File: pgfcorearrows.code.tex 2023-01-15 v3.1.10 (3.1.10)
\pgfarrowsep=\dimen258
)
(/usr/share/texmf/tex/latex/tikz/base/tex/generic/basiclayer/pgfcoreshade.code.
tex
File: pgfcoreshade.code.tex 2023-01-15 v3.1.10 (3.1.10)
\pgf@max=\dimen259
\pgf@sys@shading@range@num=\count294
\pgf@shadingcount=\count295
)
(/usr/share/texmf/tex/latex/tikz/base/tex/generic/basiclayer/pgfcoreimage.code.
tex
File: pgfcoreimage.code.tex 2023-01-15 v3.1.10 (3.1.10)
)
(/usr/share/texmf/tex/latex/tikz/base/tex/generic/basiclayer/pgfcoreexternal.co
de.tex
File: pgfcoreexternal.code.tex 2023-01-15 v3.1.10 (3.1.10)
\pgfexternal@startupbox=\box102
)
(/usr/share/texmf/tex/latex/tikz/base/tex/generic/basiclayer/pgfcorelayers.code
.tex
File: pgfcorelayers.code.tex 2023-01-15 v3.1.10 (3.1.10)
)
(/usr/share/texmf/tex/latex/tikz/base/tex/generic/basiclayer/pgfcoretransparenc
y.code.tex
File: pgfcoretransparency.code.tex 2023-01-15 v3.1.10 (3.1.10)
)
(/usr/share/texmf/tex/latex/tikz/base/tex/generic/basiclayer/pgfcorepatterns.co
de.tex
File: pgfcorepatterns.code.tex 2023-01-15 v3.1.10 (3.1.10)
)
(/usr/share/texmf/tex/latex/tikz/base/tex/generic/basiclayer/pgfcorerdf.code.te
x
File: pgfcorerdf.code.tex 2023-01-15 v3.1.10 (3.1.10)
)))
(/usr/share/texmf/tex/latex/tikz/base/tex/generic/modules/pgfmoduleshapes.code.
tex
File: pgfmoduleshapes.code.tex 2023-01-15 v3.1.10 (3.1.10)
\pgfnodeparttextbox=\box103
)
(/usr/share/texmf/tex/latex/tikz/base/tex/generic/modules/pgfmoduleplot.code.te
x
File: pgfmoduleplot.code.tex 2023-01-15 v3.1.10 (3.1.10)
)
(/usr/share/texmf/tex/latex/tikz/base/tex/latex/compatibility/pgfcomp-version-0
-65.sty
Package: pgfcomp-version-0-65 2023-01-15 v3.1.10 (3.1.10)
\pgf@nodesepstart=\dimen260
\pgf@nodesepend=\dimen261
)
(/usr/share/texmf/tex/latex/tikz/base/tex/latex/compatibility/pgfcomp-version-1
-18.sty
Package: pgfcomp-version-1-18 2023-01-15 v3.1.10 (3.1.10)
)) (/usr/share/texmf/tex/latex/tikz/base/tex/latex/utilities/pgffor.sty
(/usr/share/texmf/tex/latex/tikz/base/tex/latex/utilities/pgfkeys.sty
(/usr/share/texmf/tex/latex/tikz/base/tex/generic/utilities/pgfkeys.code.tex))
(/usr/share/texmf/tex/latex/tikz/base/tex/latex/math/pgfmath.sty
(/usr/share/texmf/tex/latex/tikz/base/tex/generic/math/pgfmath.code.tex))
(/usr/share/texmf/tex/latex/tikz/base/tex/generic/utilities/pgffor.code.tex
Package: pgffor 2023-01-15 v3.1.10 (3.1.10)
\pgffor@iter=\dimen262
\pgffor@skip=\dimen263
\pgffor@stack=\toks33
\pgffor@toks=\toks34
))
(/usr/share/texmf/tex/latex/tikz/base/tex/generic/frontendlayer/tikz/tikz.code.
tex
Package: tikz 2023-01-15 v3.1.10 (3.1.10)

(/usr/share/texmf/tex/latex/tikz/base/tex/generic/libraries/pgflibraryplothandl
ers.code.tex
File: pgflibraryplothandlers.code.tex 2023-01-15 v3.1.10 (3.1.10)
\pgf@plot@mark@count=\count296
\pgfplotmarksize=\dimen264
)
\tikz@lastx=\dimen265
\tikz@lasty=\dimen266
\tikz@lastxsaved=\dimen267
\tikz@lastysaved=\dimen268
\tikz@lastmovetox=\dimen269
\tikz@lastmovetoy=\dimen270
\tikzleveldistance=\dimen271
\tikzsiblingdistance=\dimen272
\tikz@figbox=\box104
\tikz@figbox@bg=\box105
\tikz@tempbox=\box106
\tikz@tempbox@bg=\box107
\tikztreelevel=\count297
\tikznumberofchildren=\count298
\tikznumberofcurrentchild=\count299
\tikz@fig@count=\count300

(/usr/share/texmf/tex/latex/tikz/base/tex/generic/modules/pgfmodulematrix.code.
tex
File: pgfmodulematrix.code.tex 2023-01-15 v3.1.10 (3.1.10)
\pgfmatrixcurrentrow=\count301
\pgfmatrixcurrentcolumn=\count302
\pgf@matrix@numberofcolumns=\count303
)
\tikz@expandcount=\count304

(/usr/share/texmf/tex/latex/tikz/base/tex/generic/frontendlayer/tikz/libraries/
tikzlibrarytopaths.code.tex
File: tikzlibrarytopaths.code.tex 2023-01-15 v3.1.10 (3.1.10)
)))
(/usr/share/texmf/tex/latex/tikz/base/tex/generic/frontendlayer/tikz/libraries/
tikzlibrarydecorations.pathmorphing.code.tex
(/usr/share/texmf/tex/latex/tikz/base/tex/generic/frontendlayer/tikz/libraries/
tikzlibrarydecorations.code.tex
(/usr/share/texmf/tex/latex/tikz/base/tex/generic/modules/pgfmoduledecorations.
code.tex
\pgfdecoratedcompleteddistance=\dimen273
\pgfdecoratedremainingdistance=\dimen274
\pgfdecoratedinputsegmentcompleteddistance=\dimen275
\pgfdecoratedinputsegmentremainingdistance=\dimen276
\pgf@decorate@distancetomove=\dimen277
\pgf@decorate@repeatstate=\count305
\pgfdecorationsegmentamplitude=\dimen278
\pgfdecorationsegmentlength=\dimen279
)
\tikz@lib@dec@box=\box108
)
(/usr/share/texmf/tex/latex/tikz/base/tex/generic/libraries/decorations/pgflibr
arydecorations.pathmorphing.code.tex))
(/usr/share/texlive/texmf-dist/tex/latex/amsfonts/amssymb.sty
Package: amssymb 2013/01/14 v3.01 AMS font symbols
)
(/usr/share/texlive/texmf-dist/tex/latex/colortbl/colortbl.sty
Package: colortbl 2020/01/04 v1.0e Color table columns (DPC)

(/usr/share/texlive/texmf-dist/tex/latex/tools/array.sty
Package: array 2021/10/04 v2.5f Tabular extension package (FMi)
\col@sep=\dimen280
\ar@mcellbox=\box109
\extrarowheight=\dimen281
\NC@list=\toks35
\extratabsurround=\skip54
\backup@length=\skip55
\ar@cellbox=\box110
)
\everycr=\toks36
\minrowclearance=\skip56
)
(/usr/share/texlive/texmf-dist/tex/latex/mathtools/mathtools.sty
Package: mathtools 2021/02/02 v1.28 mathematical typesetting tools

(/usr/share/texlive/texmf-dist/tex/latex/tools/calc.sty
Package: calc 2017/05/25 v4.3 Infix arithmetic (KKT,FJ)
\calc@Acount=\count306
\calc@Bcount=\count307
\calc@Adimen=\dimen282
\calc@Bdimen=\dimen283
\calc@Askip=\skip57
\calc@Bskip=\skip58
LaTeX Info: Redefining \setlength on input line 80.
LaTeX Info: Redefining \addtolength on input line 81.
\calc@Ccount=\count308
\calc@Cskip=\skip59
)
(/usr/share/texlive/texmf-dist/tex/latex/mathtools/mhsetup.sty
Package: mhsetup 2021/03/18 v1.4 programming setup (MH)
)
\g_MT_multlinerow_int=\count309
\l_MT_multwidth_dim=\dimen284
\origjot=\skip60
\l_MT_shortvdotswithinadjustabove_dim=\dimen285
\l_MT_shortvdotswithinadjustbelow_dim=\dimen286
\l_MT_above_intertext_sep=\dimen287
\l_MT_below_intertext_sep=\dimen288
\l_MT_above_shortintertext_sep=\dimen289
\l_MT_below_shortintertext_sep=\dimen290
\xmathstrut@box=\box111
\xmathstrut@dim=\dimen291
)
(/usr/share/texmf/tex/latex/enumitem/enumitem/enumitem.sty
Package: enumitem 2019/06/20 v3.9 Customized lists
\labelindent=\skip61
\enit@outerparindent=\dimen292
\enit@toks=\toks37
\enit@inbox=\box112
\enit@count@id=\count310
\enitdp@description=\count311
)
(/usr/share/texlive/texmf-dist/tex/latex/base/inputenc.sty
Package: inputenc 2021/02/14 v1.3d Input encoding file
\inpenc@prehook=\toks38
\inpenc@posthook=\toks39
)
(/usr/share/texlive/texmf-dist/tex/latex/l3backend/l3backend-pdftex.def
File: l3backend-pdftex.def 2022-01-12 L3 backend support: PDF output (pdfTeX)
\l__color_backend_stack_int=\count312
\l__pdf_internal_box=\box113
)
(./cp_cheat_sheet.aux)
\openout1 = `cp_cheat_sheet.aux'.

LaTeX Font Info:    Checking defaults for OML/cmm/m/it on input line 37.
LaTeX Font Info:    ... okay on input line 37.
LaTeX Font Info:    Checking defaults for OMS/cmsy/m/n on input line 37.
LaTeX Font Info:    ... okay on input line 37.
LaTeX Font Info:    Checking defaults for OT1/cmr/m/n on input line 37.
LaTeX Font Info:    ... okay on input line 37.
LaTeX Font Info:    Checking defaults for T1/cmr/m/n on input line 37.
LaTeX Font Info:    ... okay on input line 37.
LaTeX Font Info:    Checking defaults for TS1/cmr/m/n on input line 37.
LaTeX Font Info:    ... okay on input line 37.
LaTeX Font Info:    Checking defaults for OMX/cmex/m/n on input line 37.
LaTeX Font Info:    ... okay on input line 37.
LaTeX Font Info:    Checking defaults for U/cmr/m/n on input line 37.
LaTeX Font Info:    ... okay on input line 37.

*geometry* driver: auto-detecting
*geometry* detected driver: pdftex
*geometry* verbose mode - [ preamble ] result:
* driver: pdftex
* paper: a4paper
* layout: <same size as paper>
* layoutoffset:(h,v)=(0.0pt,0.0pt)
* modes: 
* h-part:(L,W,R)=(118.07893pt, 361.34999pt, 118.07895pt)
* v-part:(T,H,B)=(98.08224pt, 599.84122pt, 147.12338pt)
* \paperwidth=597.50787pt
* \paperheight=845.04684pt
* \textwidth=578.15999pt
* \textheight=816.65121pt
* \oddsidemargin=-62.59605pt
* \evensidemargin=-62.59605pt
* \topmargin=-69.00395pt
* \headheight=12.0pt
* \headsep=25.0pt
* \topskip=10.0pt
* \footskip=30.0pt
* \marginparwidth=65.0pt
* \marginparsep=11.0pt
* \columnsep=10.0pt
* \skip\footins=9.0pt plus 4.0pt minus 2.0pt
* \hoffset=0.0pt
* \voffset=0.0pt
* \mag=1000
* \@twocolumnfalse
* \@twosidefalse
* \@mparswitchfalse
* \@reversemarginfalse
* (1in=72.27pt=25.4mm, 1cm=28.453pt)

(/usr/share/texlive/texmf-dist/tex/context/base/mkii/supp-pdf.mkii
[Loading MPS to PDF converter (version 2006.09.02).]
\scratchcounter=\count313
\scratchdimen=\dimen293
\scratchbox=\box114
\nofMPsegments=\count314
\nofMParguments=\count315
\everyMPshowfont=\toks40
\MPscratchCnt=\count316
\MPscratchDim=\dimen294
\MPnumerator=\count317
\makeMPintoPDFobject=\count318
\everyMPtoPDFconversion=\toks41
) (/usr/share/texlive/texmf-dist/tex/latex/epstopdf-pkg/epstopdf-base.sty
Package: epstopdf-base 2020-01-24 v2.11 Base part for package epstopdf

(/usr/share/texlive/texmf-dist/tex/generic/infwarerr/infwarerr.sty
Package: infwarerr 2019/12/03 v1.5 Providing info/warning/error messages (HO)
)
(/usr/share/texlive/texmf-dist/tex/latex/grfext/grfext.sty
Package: grfext 2019/12/03 v1.3 Manage graphics extensions (HO)

(/usr/share/texlive/texmf-dist/tex/generic/kvdefinekeys/kvdefinekeys.sty
Package: kvdefinekeys 2019-12-19 v1.6 Define keys (HO)
))
(/usr/share/texlive/texmf-dist/tex/latex/kvoptions/kvoptions.sty
Package: kvoptions 2020-10-07 v3.14 Key value format for package options (HO)

(/usr/share/texlive/texmf-dist/tex/generic/ltxcmds/ltxcmds.sty
Package: ltxcmds 2020-05-10 v1.25 LaTeX kernel commands for general use (HO)
)
(/usr/share/texlive/texmf-dist/tex/generic/kvsetkeys/kvsetkeys.sty
Package: kvsetkeys 2019/12/15 v1.18 Key value parser (HO)
))
(/usr/share/texlive/texmf-dist/tex/generic/pdftexcmds/pdftexcmds.sty
Package: pdftexcmds 2020-06-27 v0.33 Utility functions of pdfTeX for LuaTeX (HO
)
Package pdftexcmds Info: \pdf@primitive is available.
Package pdftexcmds Info: \pdf@ifprimitive is available.
Package pdftexcmds Info: \pdfdraftmode found.
)
Package epstopdf-base Info: Redefining graphics rule for `.eps' on input line 4
85.
Package grfext Info: Graphics extension search list:
(grfext)             [.pdf,.png,.jpg,.mps,.jpeg,.jbig2,.jb2,.PDF,.PNG,.JPG,.JPE
G,.JBIG2,.JB2,.eps]
(grfext)             \AppendGraphicsExtensions on input line 504.

(/usr/share/texlive/texmf-dist/tex/latex/latexconfig/epstopdf-sys.cfg
File: epstopdf-sys.cfg 2010/07/13 v1.3 Configuration of (r)epstopdf for TeX Liv
e
))
LaTeX Font Info:    Trying to load font information for U+msa on input line 51.


(/usr/share/texlive/texmf-dist/tex/latex/amsfonts/umsa.fd
File: umsa.fd 2013/01/14 v3.01 AMS symbols A
)
LaTeX Font Info:    Trying to load font information for U+msb on input line 51.


(/usr/share/texlive/texmf-dist/tex/latex/amsfonts/umsb.fd
File: umsb.fd 2013/01/14 v3.01 AMS symbols B
)
Overfull \hbox (8.59639pt too wide) in paragraph at lines 57--58
[][] 
 []


Overfull \hbox (8.59639pt too wide) in paragraph at lines 73--74
[][] 
 []


Overfull \hbox (8.59639pt too wide) in paragraph at lines 88--89
[][] 
 []


Underfull \hbox (badness 10000) in paragraph at lines 94--97
\OML/cmm/m/it/10 f[]\OT1/cmr/m/n/10 (\OML/cmm/m/it/10 y\OT1/cmr/m/n/10 ) =
 []


Underfull \hbox (badness 10000) in paragraph at lines 94--97
[]\OML/cmm/m/it/10 e[]y[] []\OMS/cmsy/m/n/10 f^^@[] []g$\OT1/cmr/m/n/10 ;
 []


Overfull \hbox (8.59639pt too wide) in paragraph at lines 101--102
[][] 
 []


Overfull \hbox (14.65463pt too wide) in paragraph at lines 121--122
[][] 
 []


Overfull \hbox (8.59639pt too wide) in paragraph at lines 133--134
[][] 
 []


Underfull \hbox (badness 10000) in paragraph at lines 139--142
[]$\OML/cmm/m/it/10 f[]\OT1/cmr/m/n/10 (\OML/cmm/m/it/10 y\OT1/cmr/m/n/10 ) =
 []


Underfull \hbox (badness 10000) in paragraph at lines 139--142
\OML/cmm/m/it/10 E\OT1/cmr/m/n/10 [\OML/cmm/m/it/10 Y\OT1/cmr/m/n/10 ] = \OML/c
mm/m/it/10 A[]b$\OT1/cmr/m/n/10 ; MGF$(\OML/cmm/m/it/10 t\OT1/cmr/m/n/10 ) =
 []


Overfull \hbox (8.59639pt too wide) in paragraph at lines 146--147
[][] 
 []


Overfull \hbox (8.59639pt too wide) in paragraph at lines 159--160
[][] 
 []


Overfull \hbox (8.59639pt too wide) in paragraph at lines 173--174
[][] 
 []


Overfull \hbox (8.59639pt too wide) in paragraph at lines 185--198
[][]
 []


Overfull \hbox (8.59639pt too wide) in paragraph at lines 185--198
[] 
 []


Overfull \hbox (8.59639pt too wide) in paragraph at lines 212--213
[][] 
 []


Overfull \hbox (8.59639pt too wide) in paragraph at lines 227--228
[][] 
 []


Overfull \hbox (8.59639pt too wide) in paragraph at lines 239--240
[][] 
 []


Overfull \hbox (8.59639pt too wide) in paragraph at lines 256--257
[][] 
 []


Overfull \hbox (8.59639pt too wide) in paragraph at lines 273--274
[][] 
 []


Overfull \hbox (8.59639pt too wide) in paragraph at lines 290--291
[][] 
 []


Underfull \hbox (badness 10000) in paragraph at lines 302--308

 []


Overfull \hbox (8.59639pt too wide) in paragraph at lines 322--323
[][] 
 []


Underfull \hbox (badness 10000) in paragraph at lines 330--331
[]$\OML/cmm/m/it/10 f[]\OT1/cmr/m/n/10 (\OML/cmm/m/it/10 y[]; :; y[]\OT1/cmr/m/
n/10 ) =
 []


Underfull \hbox (badness 10000) in paragraph at lines 332--333
[]$\OML/cmm/m/it/10 f[]\OT1/cmr/m/n/10 (\OML/cmm/m/it/10 y[]\OT1/cmr/m/n/10 ) =

 []


Underfull \hbox (badness 10000) in paragraph at lines 332--333
[]\OT1/cmr/m/n/10 [\OML/cmm/m/it/10 F\OT1/cmr/m/n/10 (\OML/cmm/m/it/10 y[]\OT1/
cmr/m/n/10 )][]\OML/cmm/m/it/10 f\OT1/cmr/m/n/10 (\OML/cmm/m/it/10 y[]\OT1/cmr/
m/n/10 )[1 \OMS/cmsy/m/n/10 ^^@
 []


Underfull \hbox (badness 10000) in paragraph at lines 334--335
[]$\OML/cmm/m/it/10 f[]\OT1/cmr/m/n/10 (\OML/cmm/m/it/10 y; z\OT1/cmr/m/n/10 ) 
=
 []


Overfull \hbox (8.59639pt too wide) in paragraph at lines 340--341
[][] 
 []


Underfull \hbox (badness 10000) in paragraph at lines 346--351
\OT1/cmr/m/n/10 we can use $\OML/cmm/m/it/10 j[]\OT1/cmr/m/n/10 (\OML/cmm/m/it/
10 ^^R\OT1/cmr/m/n/10 ) = (\OML/cmm/m/it/10 j[] \OMS/cmsy/m/n/10 ^^@
 []


Overfull \hbox (8.59639pt too wide) in paragraph at lines 356--357
[][] 
 []


Overfull \hbox (8.59639pt too wide) in paragraph at lines 374--375
[][] 
 []


Overfull \hbox (8.59639pt too wide) in paragraph at lines 386--387
[][] 
 []


Overfull \hbox (8.59639pt too wide) in paragraph at lines 397--398
[][] 
 []

[1

{/var/lib/texmf/fonts/map/pdftex/updmap/pdftex.map}] (./cp_cheat_sheet.aux) ) 
Here is how much of TeX's memory you used:
 15873 strings out of 480247
 322024 string characters out of 5896150
 647590 words of memory out of 5000000
 33533 multiletter control sequences out of 15000+600000
 471872 words of font info for 39 fonts, out of 8000000 for 9000
 14 hyphenation exceptions out of 8191
 100i,12n,104p,436b,832s stack positions out of 5000i,500n,10000p,200000b,80000s
</
usr/share/texlive/texmf-dist/fonts/type1/public/amsfonts/cm/cmbx10.pfb></usr/sh
are/texlive/texmf-dist/fonts/type1/public/amsfonts/cm/cmbx12.pfb></usr/share/te
xlive/texmf-dist/fonts/type1/public/amsfonts/cm/cmex10.pfb></usr/share/texlive/
texmf-dist/fonts/type1/public/amsfonts/cmextra/cmex7.pfb></usr/share/texlive/te
xmf-dist/fonts/type1/public/amsfonts/cm/cmmi10.pfb></usr/share/texlive/texmf-di
st/fonts/type1/public/amsfonts/cm/cmmi5.pfb></usr/share/texlive/texmf-dist/font
s/type1/public/amsfonts/cm/cmmi7.pfb></usr/share/texlive/texmf-dist/fonts/type1
/public/amsfonts/cm/cmr10.pfb></usr/share/texlive/texmf-dist/fonts/type1/public
/amsfonts/cm/cmr5.pfb></usr/share/texlive/texmf-dist/fonts/type1/public/amsfont
s/cm/cmr7.pfb></usr/share/texlive/texmf-dist/fonts/type1/public/amsfonts/cm/cms
y10.pfb></usr/share/texlive/texmf-dist/fonts/type1/public/amsfonts/cm/cmsy5.pfb
></usr/share/texlive/texmf-dist/fonts/type1/public/amsfonts/cm/cmsy7.pfb></usr/
share/texlive/texmf-dist/fonts/type1/public/amsfonts/symbols/msbm10.pfb>
Output written on cp_cheat_sheet.pdf (1 page, 179101 bytes).
PDF statistics:
 81 PDF objects out of 1000 (max. 8388607)
 49 compressed objects within 1 object stream
 0 named destinations out of 1000 (max. 500000)
 13 words of extra memory for PDF output out of 10000 (max. 10000000)

